# JRE version: OpenJDK Runtime Environment Microsoft-9889606 (21.0.4+7) (build 21.0.4+7-LTS)
# Java VM: OpenJDK 64-Bit Server VM Microsoft-9889606 (21.0.4+7-LTS, mixed mode, tiered, compressed oops, compressed class ptrs, g1 gc, windows-amd64)
GC Precious Log:
 CardTable entry size: 512
 Card Set container configuration: InlinePtr #cards 4 size 8 Array Of Cards #cards 16 size 48 Howl #buckets 8 coarsen threshold 3686 Howl Bitmap #cards 512 size 80 coarsen threshold 460 Card regions per heap region 1 cards per card region 4096
 CPUs: 16 total, 16 available
 Memory: 16044M
 Large Page Support: Disabled
 NUMA Support: Disabled
 Compressed Oops: Enabled (Zero based)
 Heap Region Size: 2M
 Heap Min Capacity: 8M
 Heap Initial Capacity: 252M
 Heap Max Capacity: 4012M
 Pre-touch: Disabled
 Parallel Workers: 13
 Concurrent Workers: 3
 Concurrent Refinement Workers: 13
 Periodic GC: Disabled
Heap:
 garbage-first heap   total 151552K, used 48177K [0x0000000705400000, 0x0000000800000000)
  region size 2048K, 14 young (28672K), 1 survivors (2048K)
 Metaspace       used 35806K, committed 36096K, reserved 1114112K
  class space    used 4108K, committed 4224K, reserved 1048576K
GC Heap History (20 events):
Event: 1.522 GC heap before
{Heap before GC invocations=2 (full 0):
 garbage-first heap   total 258048K, used 13392K [0x0000000705400000, 0x0000000800000000)
  region size 2048K, 8 young (16384K), 2 survivors (4096K)
 Metaspace       used 21244K, committed 21504K, reserved 1114112K
  class space    used 2403K, committed 2496K, reserved 1048576K
}
Event: 1.525 GC heap after
{Heap after GC invocations=3 (full 0):
 garbage-first heap   total 258048K, used 7832K [0x0000000705400000, 0x0000000800000000)
  region size 2048K, 3 young (6144K), 3 survivors (6144K)
 Metaspace       used 21244K, committed 21504K, reserved 1114112K
  class space    used 2403K, committed 2496K, reserved 1048576K
}
Event: 1.828 GC heap before
{Heap before GC invocations=4 (full 0):
 garbage-first heap   total 28672K, used 28312K [0x0000000705400000, 0x0000000800000000)
  region size 2048K, 13 young (26624K), 3 survivors (6144K)
 Metaspace       used 26076K, committed 26368K, reserved 1114112K
  class space    used 2986K, committed 3136K, reserved 1048576K
}
Event: 1.833 GC heap after
{Heap after GC invocations=5 (full 0):
 garbage-first heap   total 36864K, used 10105K [0x0000000705400000, 0x0000000800000000)
  region size 2048K, 4 young (8192K), 4 survivors (8192K)
 Metaspace       used 26076K, committed 26368K, reserved 1114112K
  class space    used 2986K, committed 3136K, reserved 1048576K
}
Event: 2.337 GC heap before
{Heap before GC invocations=5 (full 0):
 garbage-first heap   total 36864K, used 22393K [0x0000000705400000, 0x0000000800000000)
  region size 2048K, 10 young (20480K), 4 survivors (8192K)
 Metaspace       used 30313K, committed 30592K, reserved 1114112K
  class space    used 3594K, committed 3776K, reserved 1048576K
}
Event: 2.346 GC heap after
{Heap after GC invocations=6 (full 0):
 garbage-first heap   total 36864K, used 11526K [0x0000000705400000, 0x0000000800000000)
  region size 2048K, 2 young (4096K), 2 survivors (4096K)
 Metaspace       used 30313K, committed 30592K, reserved 1114112K
  class space    used 3594K, committed 3776K, reserved 1048576K
}
Event: 2.986 GC heap before
{Heap before GC invocations=6 (full 0):
 garbage-first heap   total 36864K, used 19718K [0x0000000705400000, 0x0000000800000000)
  region size 2048K, 7 young (14336K), 2 survivors (4096K)
 Metaspace       used 31935K, committed 32192K, reserved 1114112K
  class space    used 3781K, committed 3904K, reserved 1048576K
}
Event: 2.988 GC heap after
{Heap after GC invocations=7 (full 0):
 garbage-first heap   total 36864K, used 12689K [0x0000000705400000, 0x0000000800000000)
  region size 2048K, 2 young (4096K), 2 survivors (4096K)
 Metaspace       used 31935K, committed 32192K, reserved 1114112K
  class space    used 3781K, committed 3904K, reserved 1048576K
}
Event: 9.201 GC heap before
{Heap before GC invocations=7 (full 0):
 garbage-first heap   total 36864K, used 35217K [0x0000000705400000, 0x0000000800000000)
  region size 2048K, 8 young (16384K), 2 survivors (4096K)
 Metaspace       used 33342K, committed 33664K, reserved 1114112K
  class space    used 3872K, committed 4032K, reserved 1048576K
}
Event: 9.203 GC heap after
{Heap after GC invocations=8 (full 0):
 garbage-first heap   total 40960K, used 23324K [0x0000000705400000, 0x0000000800000000)
  region size 2048K, 1 young (2048K), 1 survivors (2048K)
 Metaspace       used 33342K, committed 33664K, reserved 1114112K
  class space    used 3872K, committed 4032K, reserved 1048576K
}
Event: 9.571 GC heap before
{Heap before GC invocations=8 (full 0):
 garbage-first heap   total 40960K, used 33564K [0x0000000705400000, 0x0000000800000000)
  region size 2048K, 6 young (12288K), 1 survivors (2048K)
 Metaspace       used 33438K, committed 33728K, reserved 1114112K
  class space    used 3873K, committed 4032K, reserved 1048576K
}
Event: 9.577 GC heap after
{Heap after GC invocations=9 (full 0):
 garbage-first heap   total 40960K, used 23077K [0x0000000705400000, 0x0000000800000000)
  region size 2048K, 1 young (2048K), 1 survivors (2048K)
 Metaspace       used 33438K, committed 33728K, reserved 1114112K
  class space    used 3873K, committed 4032K, reserved 1048576K
}
Event: 11.762 GC heap before
{Heap before GC invocations=10 (full 0):
 garbage-first heap   total 45056K, used 33317K [0x0000000705400000, 0x0000000800000000)
  region size 2048K, 6 young (12288K), 1 survivors (2048K)
 Metaspace       used 34064K, committed 34368K, reserved 1114112K
  class space    used 3970K, committed 4160K, reserved 1048576K
}
Event: 11.763 GC heap after
{Heap after GC invocations=11 (full 0):
 garbage-first heap   total 45056K, used 23614K [0x0000000705400000, 0x0000000800000000)
  region size 2048K, 1 young (2048K), 1 survivors (2048K)
 Metaspace       used 34064K, committed 34368K, reserved 1114112K
  class space    used 3970K, committed 4160K, reserved 1048576K
}
Event: 12.349 GC heap before
{Heap before GC invocations=11 (full 0):
 garbage-first heap   total 45056K, used 35902K [0x0000000705400000, 0x0000000800000000)
  region size 2048K, 7 young (14336K), 1 survivors (2048K)
 Metaspace       used 34660K, committed 34944K, reserved 1114112K
  class space    used 4029K, committed 4160K, reserved 1048576K
}
Event: 12.351 GC heap after
{Heap after GC invocations=12 (full 0):
 garbage-first heap   total 45056K, used 24098K [0x0000000705400000, 0x0000000800000000)
  region size 2048K, 1 young (2048K), 1 survivors (2048K)
 Metaspace       used 34660K, committed 34944K, reserved 1114112K
  class space    used 4029K, committed 4160K, reserved 1048576K
}
Event: 12.366 GC heap before
{Heap before GC invocations=13 (full 0):
 garbage-first heap   total 45056K, used 36386K [0x0000000705400000, 0x0000000800000000)
  region size 2048K, 7 young (14336K), 1 survivors (2048K)
 Metaspace       used 34675K, committed 34944K, reserved 1114112K
  class space    used 4029K, committed 4160K, reserved 1048576K
}
Event: 12.368 GC heap after
{Heap after GC invocations=14 (full 0):
 garbage-first heap   total 151552K, used 24118K [0x0000000705400000, 0x0000000800000000)
  region size 2048K, 1 young (2048K), 1 survivors (2048K)
 Metaspace       used 34675K, committed 34944K, reserved 1114112K
  class space    used 4029K, committed 4160K, reserved 1048576K
}
Event: 4476.175 GC heap before
{Heap before GC invocations=14 (full 0):
 garbage-first heap   total 151552K, used 112182K [0x0000000705400000, 0x0000000800000000)
  region size 2048K, 44 young (90112K), 1 survivors (2048K)
 Metaspace       used 35633K, committed 35904K, reserved 1114112K
  class space    used 4098K, committed 4224K, reserved 1048576K
}
Event: 4476.183 GC heap after
{Heap after GC invocations=15 (full 0):
 garbage-first heap   total 151552K, used 23601K [0x0000000705400000, 0x0000000800000000)
  region size 2048K, 1 young (2048K), 1 survivors (2048K)
 Metaspace       used 35633K, committed 35904K, reserved 1114112K
  class space    used 4098K, committed 4224K, reserved 1048576K
}

