# JRE version: OpenJDK Runtime Environment Microsoft-9889606 (21.0.4+7) (build 21.0.4+7-LTS)
# Java VM: OpenJDK 64-Bit Server VM Microsoft-9889606 (21.0.4+7-LTS, mixed mode, tiered, compressed oops, compressed class ptrs, g1 gc, windows-amd64)
GC Precious Log:
 CardTable entry size: 512
 Card Set container configuration: InlinePtr #cards 4 size 8 Array Of Cards #cards 16 size 48 Howl #buckets 8 coarsen threshold 3686 Howl Bitmap #cards 512 size 80 coarsen threshold 460 Card regions per heap region 1 cards per card region 4096
 CPUs: 16 total, 16 available
 Memory: 16044M
 Large Page Support: Disabled
 NUMA Support: Disabled
 Compressed Oops: Enabled (Zero based)
 Heap Region Size: 2M
 Heap Min Capacity: 8M
 Heap Initial Capacity: 252M
 Heap Max Capacity: 4012M
 Pre-touch: Disabled
 Parallel Workers: 13
 Concurrent Workers: 3
 Concurrent Refinement Workers: 13
 Periodic GC: Disabled
Heap:
 garbage-first heap   total 157696K, used 79351K [0x0000000705400000, 0x0000000800000000)
  region size 2048K, 24 young (49152K), 1 survivors (2048K)
 Metaspace       used 40762K, committed 41152K, reserved 1114112K
  class space    used 4553K, committed 4736K, reserved 1048576K
GC Heap History (20 events):
Event: 1346.378 GC heap before
{Heap before GC invocations=20 (full 0):
 garbage-first heap   total 157696K, used 121063K [0x0000000705400000, 0x0000000800000000)
  region size 2048K, 46 young (94208K), 3 survivors (6144K)
 Metaspace       used 40225K, committed 40576K, reserved 1114112K
  class space    used 4549K, committed 4736K, reserved 1048576K
}
Event: 1346.381 GC heap after
{Heap after GC invocations=21 (full 0):
 garbage-first heap   total 157696K, used 34828K [0x0000000705400000, 0x0000000800000000)
  region size 2048K, 3 young (6144K), 3 survivors (6144K)
 Metaspace       used 40225K, committed 40576K, reserved 1114112K
  class space    used 4549K, committed 4736K, reserved 1048576K
}
Event: 1488.588 GC heap before
{Heap before GC invocations=21 (full 0):
 garbage-first heap   total 157696K, used 122892K [0x0000000705400000, 0x0000000800000000)
  region size 2048K, 46 young (94208K), 3 survivors (6144K)
 Metaspace       used 40349K, committed 40704K, reserved 1114112K
  class space    used 4550K, committed 4736K, reserved 1048576K
}
Event: 1488.592 GC heap after
{Heap after GC invocations=22 (full 0):
 garbage-first heap   total 157696K, used 34888K [0x0000000705400000, 0x0000000800000000)
  region size 2048K, 3 young (6144K), 3 survivors (6144K)
 Metaspace       used 40349K, committed 40704K, reserved 1114112K
  class space    used 4550K, committed 4736K, reserved 1048576K
}
Event: 1752.119 GC heap before
{Heap before GC invocations=22 (full 0):
 garbage-first heap   total 157696K, used 122952K [0x0000000705400000, 0x0000000800000000)
  region size 2048K, 46 young (94208K), 3 survivors (6144K)
 Metaspace       used 40406K, committed 40832K, reserved 1114112K
  class space    used 4550K, committed 4736K, reserved 1048576K
}
Event: 1752.123 GC heap after
{Heap after GC invocations=23 (full 0):
 garbage-first heap   total 157696K, used 33805K [0x0000000705400000, 0x0000000800000000)
  region size 2048K, 2 young (4096K), 2 survivors (4096K)
 Metaspace       used 40406K, committed 40832K, reserved 1114112K
  class space    used 4550K, committed 4736K, reserved 1048576K
}
Event: 1969.932 GC heap before
{Heap before GC invocations=23 (full 0):
 garbage-first heap   total 157696K, used 123917K [0x0000000705400000, 0x0000000800000000)
  region size 2048K, 46 young (94208K), 2 survivors (4096K)
 Metaspace       used 40478K, committed 40832K, reserved 1114112K
  class space    used 4550K, committed 4736K, reserved 1048576K
}
Event: 1969.939 GC heap after
{Heap after GC invocations=24 (full 0):
 garbage-first heap   total 157696K, used 34106K [0x0000000705400000, 0x0000000800000000)
  region size 2048K, 3 young (6144K), 3 survivors (6144K)
 Metaspace       used 40478K, committed 40832K, reserved 1114112K
  class space    used 4550K, committed 4736K, reserved 1048576K
}
Event: 2334.568 GC heap before
{Heap before GC invocations=24 (full 0):
 garbage-first heap   total 157696K, used 122170K [0x0000000705400000, 0x0000000800000000)
  region size 2048K, 46 young (94208K), 3 survivors (6144K)
 Metaspace       used 40556K, committed 40960K, reserved 1114112K
  class space    used 4550K, committed 4736K, reserved 1048576K
}
Event: 2334.572 GC heap after
{Heap after GC invocations=25 (full 0):
 garbage-first heap   total 157696K, used 34224K [0x0000000705400000, 0x0000000800000000)
  region size 2048K, 2 young (4096K), 2 survivors (4096K)
 Metaspace       used 40556K, committed 40960K, reserved 1114112K
  class space    used 4550K, committed 4736K, reserved 1048576K
}
Event: 2628.589 GC heap before
{Heap before GC invocations=25 (full 0):
 garbage-first heap   total 157696K, used 124336K [0x0000000705400000, 0x0000000800000000)
  region size 2048K, 46 young (94208K), 2 survivors (4096K)
 Metaspace       used 40592K, committed 40960K, reserved 1114112K
  class space    used 4551K, committed 4736K, reserved 1048576K
}
Event: 2628.598 GC heap after
{Heap after GC invocations=26 (full 0):
 garbage-first heap   total 157696K, used 34147K [0x0000000705400000, 0x0000000800000000)
  region size 2048K, 2 young (4096K), 2 survivors (4096K)
 Metaspace       used 40592K, committed 40960K, reserved 1114112K
  class space    used 4551K, committed 4736K, reserved 1048576K
}
Event: 3057.582 GC heap before
{Heap before GC invocations=26 (full 0):
 garbage-first heap   total 157696K, used 124259K [0x0000000705400000, 0x0000000800000000)
  region size 2048K, 46 young (94208K), 2 survivors (4096K)
 Metaspace       used 40615K, committed 40960K, reserved 1114112K
  class space    used 4551K, committed 4736K, reserved 1048576K
}
Event: 3057.591 GC heap after
{Heap after GC invocations=27 (full 0):
 garbage-first heap   total 157696K, used 34283K [0x0000000705400000, 0x0000000800000000)
  region size 2048K, 1 young (2048K), 1 survivors (2048K)
 Metaspace       used 40615K, committed 40960K, reserved 1114112K
  class space    used 4551K, committed 4736K, reserved 1048576K
}
Event: 3274.378 GC heap before
{Heap before GC invocations=27 (full 0):
 garbage-first heap   total 157696K, used 126443K [0x0000000705400000, 0x0000000800000000)
  region size 2048K, 46 young (94208K), 1 survivors (2048K)
 Metaspace       used 40664K, committed 41024K, reserved 1114112K
  class space    used 4551K, committed 4736K, reserved 1048576K
}
Event: 3274.381 GC heap after
{Heap after GC invocations=28 (full 0):
 garbage-first heap   total 157696K, used 34258K [0x0000000705400000, 0x0000000800000000)
  region size 2048K, 1 young (2048K), 1 survivors (2048K)
 Metaspace       used 40664K, committed 41024K, reserved 1114112K
  class space    used 4551K, committed 4736K, reserved 1048576K
}
Event: 3656.259 GC heap before
{Heap before GC invocations=28 (full 0):
 garbage-first heap   total 157696K, used 126418K [0x0000000705400000, 0x0000000800000000)
  region size 2048K, 46 young (94208K), 1 survivors (2048K)
 Metaspace       used 40729K, committed 41152K, reserved 1114112K
  class space    used 4552K, committed 4736K, reserved 1048576K
}
Event: 3656.261 GC heap after
{Heap after GC invocations=29 (full 0):
 garbage-first heap   total 157696K, used 34398K [0x0000000705400000, 0x0000000800000000)
  region size 2048K, 1 young (2048K), 1 survivors (2048K)
 Metaspace       used 40729K, committed 41152K, reserved 1114112K
  class space    used 4552K, committed 4736K, reserved 1048576K
}
Event: 3682.846 GC heap before
{Heap before GC invocations=29 (full 0):
 garbage-first heap   total 157696K, used 126558K [0x0000000705400000, 0x0000000800000000)
  region size 2048K, 46 young (94208K), 1 survivors (2048K)
 Metaspace       used 40758K, committed 41152K, reserved 1114112K
  class space    used 4552K, committed 4736K, reserved 1048576K
}
Event: 3682.850 GC heap after
{Heap after GC invocations=30 (full 0):
 garbage-first heap   total 157696K, used 34295K [0x0000000705400000, 0x0000000800000000)
  region size 2048K, 1 young (2048K), 1 survivors (2048K)
 Metaspace       used 40758K, committed 41152K, reserved 1114112K
  class space    used 4552K, committed 4736K, reserved 1048576K
}

